<?xml version="1.0" encoding="UTF-8" ?>
<testsuite errors="1" failures="0" hostname="erik-jan-de-wits-computer-3.local" name="nl.erikjan.generators.testdata.framework.GeneratorLocatorTest" tests="1" time="75.492" timestamp="2009-03-15T11:36:40">
  <properties>
[...]
</properties>
  <testcase classname="nl.erikjan.generators.testdata.framework.GeneratorLocatorTest" name="shouldFindProperGenerator" time="70.561">
    <error message="No value for xpath: /.[regex != &apos;&apos;]" type="org.apache.commons.jxpath.JXPathException">org.apache.commons.jxpath.JXPathException: No value for xpath: /.[regex != &apos;&apos;]
	at org.apache.commons.jxpath.ri.JXPathContextReferenceImpl.getValue(JXPathContextReferenceImpl.java:318)
	at org.apache.commons.jxpath.ri.JXPathContextReferenceImpl.getValue(JXPathContextReferenceImpl.java:280)
	at nl.erikjan.generators.testdata.framework.GeneratorLocator.getGenerator(GeneratorLocator.java:40)
	at nl.erikjan.generators.testdata.framework.GeneratorLocatorTest.shouldFindProperGenerator(GeneratorLocatorTest.java:32)
</error>
  </testcase>
  <system-out><![CDATA[wahhhhhhhhhaaaaaattttttttt =nl.erikjan.generators.testdata.framework.FieldProperty@74aa60
]]></system-out>
  <system-err><![CDATA[]]></system-err>
</testsuite>
