<?xml version="1.0" encoding="UTF-8" ?>
<testsuite errors="0" failures="0" hostname="84-73-27-114.dclient.hispeed.ch" name="nl.erikjan.generators.testdata.IntergrationTest" tests="1" time="153.243" timestamp="2009-04-19T17:15:18">
  <properties>
[...]
</properties>
  <testcase classname="nl.erikjan.generators.testdata.IntergrationTest" name="shouldWorkBackToFront" time="153.083" />
  <system-out><![CDATA[emp nl.erikjan.generators.testdata.framework.integration.Employee@844689[firstName=??,lastName=Bcl,adres=<null>]
]]></system-out>
  <system-err><![CDATA[Apr 19, 2009 7:15:22 PM org.springframework.context.support.AbstractApplicationContext prepareRefresh
INFO: Refreshing org.springframework.context.support.ClassPathXmlApplicationContext@14a306: display name [org.springframework.context.support.ClassPathXmlApplicationContext@14a306]; startup date [Sun Apr 19 19:15:22 CEST 2009]; root of context hierarchy
Apr 19, 2009 7:15:23 PM org.springframework.beans.factory.xml.XmlBeanDefinitionReader loadBeanDefinitions
INFO: Loading XML bean definitions from class path resource [applicationContext-beangenerator.xml]
Apr 19, 2009 7:15:24 PM org.springframework.beans.factory.support.DefaultListableBeanFactory registerBeanDefinition
INFO: Overriding bean definition for bean 'beanBuilder': replacing [Generic bean: class [nl.erikjan.generators.testdata.BeanBuilder]; scope=singleton; abstract=false; lazyInit=false; autowireMode=0; dependencyCheck=0; autowireCandidate=true; primary=false; factoryBeanName=null; factoryMethodName=null; initMethodName=null; destroyMethodName=null; defined in file [/Users/edewit/workspace/sourceforge/testdata-framework/target/classes/nl/erikjan/generators/testdata/BeanBuilder.class]] with [Generic bean: class [nl.erikjan.generators.testdata.BeanBuilder]; scope=singleton; abstract=false; lazyInit=false; autowireMode=0; dependencyCheck=0; autowireCandidate=true; primary=false; factoryBeanName=null; factoryMethodName=null; initMethodName=null; destroyMethodName=null; defined in class path resource [applicationContext-beangenerator.xml]]
Apr 19, 2009 7:15:24 PM org.springframework.context.support.AbstractApplicationContext obtainFreshBeanFactory
INFO: Bean factory for application context [org.springframework.context.support.ClassPathXmlApplicationContext@14a306]: org.springframework.beans.factory.support.DefaultListableBeanFactory@826ac5
Apr 19, 2009 7:15:24 PM org.springframework.beans.factory.support.DefaultListableBeanFactory preInstantiateSingletons
INFO: Pre-instantiating singletons in org.springframework.beans.factory.support.DefaultListableBeanFactory@826ac5: defining beans [beanBuilder,beanFactory,reflectionReturnTypeAnalyzer,hibernateInspector,org.springframework.context.annotation.internalAutowiredAnnotationProcessor,org.springframework.context.annotation.internalRequiredAnnotationProcessor]; root of factory hierarchy
]]></system-err>
</testsuite>
